2024-04-25 11:51:28.506  INFO 3188 --- [           main] com.ccufs.quotes.QuoteApplication        : Starting QuoteApplication using Java 21.0.2 with PID 3188 (C:\Users\vkubo\Downloads\quote_application\target\classes started by vkubo in C:\Users\vkubo\Downloads\quote_application)
2024-04-25 11:51:28.508  INFO 3188 --- [           main] com.ccufs.quotes.QuoteApplication        : No active profile set, falling back to 1 default profile: "default"
2024-04-25 11:51:29.877  INFO 3188 --- [           main] .s.d.r.c.RepositoryConfigurationDelegate : Bootstrapping Spring Data JPA repositories in DEFAULT mode.
2024-04-25 11:51:30.121  INFO 3188 --- [           main] .s.d.r.c.RepositoryConfigurationDelegate : Finished Spring Data repository scanning in 231 ms. Found 2 JPA repository interfaces.
2024-04-25 11:51:31.384  INFO 3188 --- [           main] o.s.b.w.embedded.tomcat.TomcatWebServer  : Tomcat initialized with port 8080 (http)
2024-04-25 11:51:31.426  INFO 3188 --- [           main] o.apache.catalina.core.StandardService   : Starting service [Tomcat]
2024-04-25 11:51:31.427  INFO 3188 --- [           main] o.apache.catalina.core.StandardEngine    : Starting Servlet engine: [Apache Tomcat/10.1.19]
2024-04-25 11:51:31.538  INFO 3188 --- [           main] o.a.c.c.C.[Tomcat].[localhost].[/]       : Initializing Spring embedded WebApplicationContext
2024-04-25 11:51:31.538  INFO 3188 --- [           main] w.s.c.ServletWebServerApplicationContext : Root WebApplicationContext: initialization completed in 2962 ms
2024-04-25 11:51:31.861  INFO 3188 --- [           main] o.hibernate.jpa.internal.util.LogHelper  : HHH000204: Processing PersistenceUnitInfo [name: default]
2024-04-25 11:51:31.958  INFO 3188 --- [           main] org.hibernate.Version                    : HHH000412: Hibernate ORM core version 6.4.4.Final
2024-04-25 11:51:32.019  INFO 3188 --- [           main] o.h.c.internal.RegionFactoryInitiator    : HHH000026: Second-level cache disabled
2024-04-25 11:51:32.407  INFO 3188 --- [           main] o.s.o.j.p.SpringPersistenceUnitInfo      : No LoadTimeWeaver setup: ignoring JPA class transformer
2024-04-25 11:51:32.471  INFO 3188 --- [           main] com.zaxxer.hikari.HikariDataSource       : HikariPool-1 - Starting...
2024-04-25 11:51:32.842  INFO 3188 --- [           main] com.zaxxer.hikari.pool.HikariPool        : HikariPool-1 - Added connection org.postgresql.jdbc.PgConnection@f049a30
2024-04-25 11:51:32.847  INFO 3188 --- [           main] com.zaxxer.hikari.HikariDataSource       : HikariPool-1 - Start completed.
2024-04-25 11:51:32.939  WARN 3188 --- [           main] org.hibernate.orm.deprecation            : HHH90000025: PostgreSQLDialect does not need to be specified explicitly using 'hibernate.dialect' (remove the property setting and it will be selected by default)
2024-04-25 11:51:34.772  INFO 3188 --- [           main] o.h.e.t.j.p.i.JtaPlatformInitiator       : HHH000489: No JTA platform available (set 'hibernate.transaction.jta.platform' to enable JTA platform integration)
2024-04-25 11:51:34.958  INFO 3188 --- [           main] j.LocalContainerEntityManagerFactoryBean : Initialized JPA EntityManagerFactory for persistence unit 'default'
2024-04-25 11:51:35.679  INFO 3188 --- [           main] o.s.d.j.r.query.QueryEnhancerFactory     : Hibernate is in classpath; If applicable, HQL parser will be used.
2024-04-25 11:51:37.046  WARN 3188 --- [           main] JpaBaseConfiguration$JpaWebConfiguration : spring.jpa.open-in-view is enabled by default. Therefore, database queries may be performed during view rendering. Explicitly configure spring.jpa.open-in-view to disable this warning
2024-04-25 11:51:38.910  INFO 3188 --- [           main] o.s.b.w.embedded.tomcat.TomcatWebServer  : Tomcat started on port 8080 (http) with context path ''
2024-04-25 11:51:38.924  INFO 3188 --- [           main] com.ccufs.quotes.QuoteApplication        : Started QuoteApplication in 11.425 seconds (process running for 12.693)
2024-04-25 12:15:24.871  WARN 3188 --- [l-1 housekeeper] com.zaxxer.hikari.pool.HikariPool        : HikariPool-1 - Thread starvation or clock leap detected (housekeeper delta=12m51s713ms272µs600ns).
2024-04-25 12:22:33.043  INFO 3188 --- [ionShutdownHook] j.LocalContainerEntityManagerFactoryBean : Closing JPA EntityManagerFactory for persistence unit 'default'
2024-04-25 12:22:33.045  INFO 3188 --- [ionShutdownHook] com.zaxxer.hikari.HikariDataSource       : HikariPool-1 - Shutdown initiated...
2024-04-25 12:22:33.049  INFO 3188 --- [ionShutdownHook] com.zaxxer.hikari.HikariDataSource       : HikariPool-1 - Shutdown completed.
2024-04-25 12:48:58.323  INFO 17296 --- [           main] com.ccufs.quotes.QuoteApplication        : Starting QuoteApplication using Java 21.0.2 with PID 17296 (C:\Users\vkubo\Downloads\quote_application\target\classes started by vkubo in C:\Users\vkubo\Downloads\quote_application)
2024-04-25 12:48:58.325  INFO 17296 --- [           main] com.ccufs.quotes.QuoteApplication        : No active profile set, falling back to 1 default profile: "default"
2024-04-25 12:48:59.615  INFO 17296 --- [           main] .s.d.r.c.RepositoryConfigurationDelegate : Bootstrapping Spring Data JPA repositories in DEFAULT mode.
2024-04-25 12:48:59.870  INFO 17296 --- [           main] .s.d.r.c.RepositoryConfigurationDelegate : Finished Spring Data repository scanning in 243 ms. Found 2 JPA repository interfaces.
2024-04-25 12:49:01.185  INFO 17296 --- [           main] o.s.b.w.embedded.tomcat.TomcatWebServer  : Tomcat initialized with port 8080 (http)
2024-04-25 12:49:01.207  INFO 17296 --- [           main] o.apache.catalina.core.StandardService   : Starting service [Tomcat]
2024-04-25 12:49:01.207  INFO 17296 --- [           main] o.apache.catalina.core.StandardEngine    : Starting Servlet engine: [Apache Tomcat/10.1.19]
2024-04-25 12:49:01.360  INFO 17296 --- [           main] o.a.c.c.C.[Tomcat].[localhost].[/]       : Initializing Spring embedded WebApplicationContext
2024-04-25 12:49:01.360  INFO 17296 --- [           main] w.s.c.ServletWebServerApplicationContext : Root WebApplicationContext: initialization completed in 2952 ms
2024-04-25 12:49:01.670  INFO 17296 --- [           main] o.hibernate.jpa.internal.util.LogHelper  : HHH000204: Processing PersistenceUnitInfo [name: default]
2024-04-25 12:49:01.771  INFO 17296 --- [           main] org.hibernate.Version                    : HHH000412: Hibernate ORM core version 6.4.4.Final
2024-04-25 12:49:01.835  INFO 17296 --- [           main] o.h.c.internal.RegionFactoryInitiator    : HHH000026: Second-level cache disabled
2024-04-25 12:49:02.217  INFO 17296 --- [           main] o.s.o.j.p.SpringPersistenceUnitInfo      : No LoadTimeWeaver setup: ignoring JPA class transformer
2024-04-25 12:49:02.274  INFO 17296 --- [           main] com.zaxxer.hikari.HikariDataSource       : HikariPool-1 - Starting...
2024-04-25 12:49:02.723  INFO 17296 --- [           main] com.zaxxer.hikari.pool.HikariPool        : HikariPool-1 - Added connection org.postgresql.jdbc.PgConnection@5bc61f64
2024-04-25 12:49:02.727  INFO 17296 --- [           main] com.zaxxer.hikari.HikariDataSource       : HikariPool-1 - Start completed.
2024-04-25 12:49:02.779  WARN 17296 --- [           main] org.hibernate.orm.deprecation            : HHH90000025: PostgreSQLDialect does not need to be specified explicitly using 'hibernate.dialect' (remove the property setting and it will be selected by default)
2024-04-25 12:49:04.734  INFO 17296 --- [           main] o.h.e.t.j.p.i.JtaPlatformInitiator       : HHH000489: No JTA platform available (set 'hibernate.transaction.jta.platform' to enable JTA platform integration)
2024-04-25 12:49:04.938  INFO 17296 --- [           main] j.LocalContainerEntityManagerFactoryBean : Initialized JPA EntityManagerFactory for persistence unit 'default'
2024-04-25 12:49:05.583  INFO 17296 --- [           main] o.s.d.j.r.query.QueryEnhancerFactory     : Hibernate is in classpath; If applicable, HQL parser will be used.
2024-04-25 12:49:06.542  WARN 17296 --- [           main] ConfigServletWebServerApplicationContext : Exception encountered during context initialization - cancelling refresh attempt: org.springframework.beans.factory.UnsatisfiedDependencyException: Error creating bean with name 'authorController' defined in file [C:\Users\vkubo\Downloads\quote_application\target\classes\com\ccufs\quotes\controller\AuthorController.class]: Unsatisfied dependency expressed through constructor parameter 0: Error creating bean with name 'authorService' defined in file [C:\Users\vkubo\Downloads\quote_application\target\classes\com\ccufs\quotes\service\AuthorService.class]: Unsatisfied dependency expressed through constructor parameter 2: No qualifying bean of type 'java.lang.Long' available: expected at least 1 bean which qualifies as autowire candidate. Dependency annotations: {}
2024-04-25 12:49:06.543  INFO 17296 --- [           main] j.LocalContainerEntityManagerFactoryBean : Closing JPA EntityManagerFactory for persistence unit 'default'
2024-04-25 12:49:06.544  INFO 17296 --- [           main] com.zaxxer.hikari.HikariDataSource       : HikariPool-1 - Shutdown initiated...
2024-04-25 12:49:06.548  INFO 17296 --- [           main] com.zaxxer.hikari.HikariDataSource       : HikariPool-1 - Shutdown completed.
2024-04-25 12:49:06.550  INFO 17296 --- [           main] o.apache.catalina.core.StandardService   : Stopping service [Tomcat]
2024-04-25 12:49:06.565  INFO 17296 --- [           main] .s.b.a.l.ConditionEvaluationReportLogger : 

Error starting ApplicationContext. To display the condition evaluation report re-run your application with 'debug' enabled.
2024-04-25 12:49:06.606 ERROR 17296 --- [           main] o.s.b.d.LoggingFailureAnalysisReporter   : 

***************************
APPLICATION FAILED TO START
***************************

Description:

Parameter 2 of constructor in com.ccufs.quotes.service.AuthorService required a bean of type 'java.lang.Long' that could not be found.


Action:

Consider defining a bean of type 'java.lang.Long' in your configuration.

